<?xml version="1.0" encoding="UTF-8"?>
<!-- Generated by org.testng.reporters.JUnitXMLReporter -->
<testsuite ignored="1" hostname="IN-PG02NKDN" failures="1" tests="2" name="Amazon Test" time="4.44" errors="0" timestamp="2022-02-07T15:35:55 IST">
  <testcase classname="TestNGConcept.AmazonTest" name="titleTest" time="0.015">
    <failure type="java.lang.AssertionError" message="expected [Amazon.com: Online Shopping for Electronics, Apparel, Computers, Books, DVDs &amp;amp; more] but found [Amazon.com. Spend less. Smile more.]">
      <![CDATA[java.lang.AssertionError: expected [Amazon.com: Online Shopping for Electronics, Apparel, Computers, Books, DVDs & more] but found [Amazon.com. Spend less. Smile more.]
at TestNGConcept.AmazonTest.titleTest(AmazonTest.java:20)
at java.base/java.util.ArrayList.forEach(ArrayList.java:1541)
... Removed 33 stack frames]]>
    </failure>
  </testcase> <!-- titleTest -->
  <testcase classname="TestNGConcept.AmazonTest" name="urlTest" time="0.014"/>
  <testcase classname="TestNGConcept.AmazonTest" name="logoTest" time="0.0">
    <ignored/>
  </testcase> <!-- logoTest -->
</testsuite> <!-- Amazon Test -->
